<?xml version="1.0" encoding="UTF-8"?>
<robot generator="Robot 7.3.2 (Python 3.12.6 on darwin)" generated="2025-09-07T19:35:35.004922" rpa="false" schemaversion="5">
<suite id="s1" name="TestCases" source="/Users/altaygencbay/Desktop/MOBILE/MOBILE TESTS/TestCases">
<suite id="s1-s1" name="Android" source="/Users/altaygencbay/Desktop/MOBILE/MOBILE TESTS/TestCases/Android">
<suite id="s1-s1-s1" name="Login" source="/Users/altaygencbay/Desktop/MOBILE/MOBILE TESTS/TestCases/Android/Login">
<suite id="s1-s1-s1-s1" name="AndroidTestCases" source="/Users/altaygencbay/Desktop/MOBILE/MOBILE TESTS/TestCases/Android/Login/AndroidTestCases">
<suite id="s1-s1-s1-s1-s1" name="Test Android Login" source="/Users/altaygencbay/Desktop/MOBILE/MOBILE TESTS/TestCases/Android/Login/AndroidTestCases/test_android_login.robot">
<test id="s1-s1-s1-s1-s1-t1" name="Login-01" line="7">
<kw name="Open Android App" owner="android_login_steps">
<kw name="Open Application" owner="AppiumLibrary">
<kw name="Capture Page Screenshot" owner="AppiumLibrary">
<doc>Takes a screenshot of the current page and embeds it into the log.</doc>
<status status="FAIL" start="2025-09-07T19:35:40.947961" elapsed="0.000199">Execution terminated by signal</status>
</kw>
<msg time="2025-09-07T19:35:40.949136" level="WARN">Keyword 'Capture Page Screenshot' could not be run on failure: Execution terminated by signal</msg>
<arg>http://localhost:4723</arg>
<arg>platformName=Android</arg>
<arg>deviceName=emulator-5554</arg>
<arg>automationName=UiAutomator2</arg>
<arg>app=/Users/altaygencbay/Desktop/MOBILE/APKs/mda-2.2.0-25.apk</arg>
<arg>appPackage=com.saucelabs.mydemoapp.android</arg>
<arg>appActivity=com.saucelabs.mydemoapp.android.view.activities.SplashActivity</arg>
<arg>appWaitActivity=com.saucelabs.mydemoapp.android.view.activities.*</arg>
<arg>noReset=${False}</arg>
<doc>Opens a new application to the given Appium server.
Capabilities of appium server, Android and iOS,
Please check https://appium.io/docs/en/2.19/guides/caps/
| *Option*            | *Man.* | *Description*     |
| remote_url          | Yes    | Appium server url |
| alias               | No     | alias             |</doc>
<status status="FAIL" start="2025-09-07T19:35:35.099769" elapsed="5.849550">Execution terminated by signal</status>
</kw>
<status status="FAIL" start="2025-09-07T19:35:35.099542" elapsed="5.849939">Execution terminated by signal</status>
</kw>
<kw name="Click Android Menu Button" owner="android_login_steps">
<status status="NOT RUN" start="2025-09-07T19:35:40.949702" elapsed="0.000031"/>
</kw>
<kw name="Click Android Login" owner="android_login_steps">
<status status="NOT RUN" start="2025-09-07T19:35:40.949885" elapsed="0.000025"/>
</kw>
<kw name="Enter Android Username" owner="android_login_steps">
<arg>bob@example.com</arg>
<status status="NOT RUN" start="2025-09-07T19:35:40.950043" elapsed="0.000022"/>
</kw>
<kw name="Enter Android Password" owner="android_login_steps">
<arg>10203040</arg>
<status status="NOT RUN" start="2025-09-07T19:35:40.950185" elapsed="0.000018"/>
</kw>
<kw name="Click Android Login Button On Login Page" owner="android_login_steps">
<status status="NOT RUN" start="2025-09-07T19:35:40.950313" elapsed="0.000018"/>
</kw>
<kw name="Verify Android Products Page Is Visible" owner="android_login_steps">
<status status="NOT RUN" start="2025-09-07T19:35:40.950431" elapsed="0.000017"/>
</kw>
<kw name="Close Android App" owner="android_login_steps">
<status status="NOT RUN" start="2025-09-07T19:35:40.950542" elapsed="0.000016"/>
</kw>
<kw name="Run Keyword If Test Failed" owner="BuiltIn" type="TEARDOWN">
<kw name="Capture Page Screenshot" owner="AppiumLibrary">
<kw name="Capture Page Screenshot" owner="AppiumLibrary">
<msg time="2025-09-07T19:35:40.951208" level="FAIL">No application is open</msg>
<doc>Takes a screenshot of the current page and embeds it into the log.</doc>
<status status="FAIL" start="2025-09-07T19:35:40.951071" elapsed="0.003764">No application is open</status>
</kw>
<msg time="2025-09-07T19:35:40.955797" level="WARN">Keyword 'Capture Page Screenshot' could not be run on failure: No application is open</msg>
<msg time="2025-09-07T19:35:40.955985" level="FAIL">No application is open</msg>
<doc>Takes a screenshot of the current page and embeds it into the log.</doc>
<status status="FAIL" start="2025-09-07T19:35:40.950935" elapsed="0.005370">No application is open</status>
</kw>
<arg>Capture Page Screenshot</arg>
<doc>Runs the given keyword with the given arguments, if the test failed.</doc>
<status status="FAIL" start="2025-09-07T19:35:40.950785" elapsed="0.005575">No application is open</status>
</kw>
<doc>POSITIVE - User enters valid username and password → should see Products page</doc>
<status status="FAIL" start="2025-09-07T19:35:35.099227" elapsed="5.857227">Execution terminated by signal

Also teardown failed:
No application is open</status>
</test>
<test id="s1-s1-s1-s1-s1-t2" name="Login-02" line="18">
<doc>NEGATIVE - User leaves username and password empty → should see “Username is required” message</doc>
<tag>robot:exit</tag>
<status status="FAIL" start="2025-09-07T19:35:40.956675" elapsed="0.000525">Test execution stopped due to a fatal error.</status>
</test>
<test id="s1-s1-s1-s1-s1-t3" name="Login-03" line="27">
<doc>NEGATIVE - User fills username and leaves password empty → should see “Enter Password" message</doc>
<tag>robot:exit</tag>
<status status="FAIL" start="2025-09-07T19:35:40.957383" elapsed="0.000376">Test execution stopped due to a fatal error.</status>
</test>
<test id="s1-s1-s1-s1-s1-t4" name="Login-04" line="37">
<doc>NEGATIVE - User leaves username empty and fills password → should see “Username is required" message</doc>
<tag>robot:exit</tag>
<status status="FAIL" start="2025-09-07T19:35:40.957981" elapsed="0.000454">Test execution stopped due to a fatal error.</status>
</test>
<test id="s1-s1-s1-s1-s1-t5" name="Login-05" line="47">
<doc>NEGATIVE - User enters invalid username and password → should see “Invalid Username or Password" message</doc>
<tag>robot:exit</tag>
<status status="FAIL" start="2025-09-07T19:35:40.958607" elapsed="0.000355">Test execution stopped due to a fatal error.</status>
</test>
<status status="FAIL" start="2025-09-07T19:35:35.018111" elapsed="5.941192"/>
</suite>
<status status="FAIL" start="2025-09-07T19:35:35.017848" elapsed="5.941990"/>
</suite>
<status status="FAIL" start="2025-09-07T19:35:35.017583" elapsed="5.942675"/>
</suite>
<status status="FAIL" start="2025-09-07T19:35:35.017264" elapsed="5.943605"/>
</suite>
<suite id="s1-s2" name="iOS" source="/Users/altaygencbay/Desktop/MOBILE/MOBILE TESTS/TestCases/iOS">
<suite id="s1-s2-s1" name="Shopping" source="/Users/altaygencbay/Desktop/MOBILE/MOBILE TESTS/TestCases/iOS/Shopping">
<suite id="s1-s2-s1-s1" name="iOSTestCases" source="/Users/altaygencbay/Desktop/MOBILE/MOBILE TESTS/TestCases/iOS/Shopping/iOSTestCases">
<suite id="s1-s2-s1-s1-s1" name="Test Ios Shopping" source="/Users/altaygencbay/Desktop/MOBILE/MOBILE TESTS/TestCases/iOS/Shopping/iOSTestCases/test_ios_shopping.robot">
<test id="s1-s2-s1-s1-s1-t1" name="Shopping-01" line="7">
<doc>POSITIVE - User clicks cart button → should see No items text</doc>
<tag>robot:exit</tag>
<status status="FAIL" start="2025-09-07T19:35:40.962565" elapsed="0.000348">Test execution stopped due to a fatal error.</status>
</test>
<test id="s1-s2-s1-s1-s1-t2" name="Shopping-02" line="14">
<doc>POSITIVE - User clicks go shopping button on no items page → should see products page</doc>
<tag>robot:exit</tag>
<status status="FAIL" start="2025-09-07T19:35:40.963083" elapsed="0.000308">Test execution stopped due to a fatal error.</status>
</test>
<test id="s1-s2-s1-s1-s1-t3" name="Shopping-03" line="22">
<doc>POSITIVE - User clicks to product → should see add to cart button</doc>
<tag>robot:exit</tag>
<status status="FAIL" start="2025-09-07T19:35:40.963540" elapsed="0.000279">Test execution stopped due to a fatal error.</status>
</test>
<test id="s1-s2-s1-s1-s1-t4" name="Shopping-04" line="29">
<doc>POSITIVE - User selects product and clicks add to cart button, clicks cart button → should see proceed to checkout button and product on my cart page</doc>
<tag>robot:exit</tag>
<status status="FAIL" start="2025-09-07T19:35:40.963956" elapsed="0.000391">Test execution stopped due to a fatal error.</status>
</test>
<test id="s1-s2-s1-s1-s1-t5" name="Shopping-05" line="37">
<doc>POSITIVE - User adds product to cart and clicks proceed to checkout button → should see login page</doc>
<tag>robot:exit</tag>
<status status="FAIL" start="2025-09-07T19:35:40.964590" elapsed="0.000329">Test execution stopped due to a fatal error.</status>
</test>
<status status="FAIL" start="2025-09-07T19:35:40.962294" elapsed="0.002841"/>
</suite>
<status status="FAIL" start="2025-09-07T19:35:40.962050" elapsed="0.003547"/>
</suite>
<status status="FAIL" start="2025-09-07T19:35:40.961787" elapsed="0.004219"/>
</suite>
<status status="FAIL" start="2025-09-07T19:35:40.961282" elapsed="0.005102"/>
</suite>
<status status="FAIL" start="2025-09-07T19:35:35.005400" elapsed="5.961296"/>
</suite>
<statistics>
<total>
<stat pass="0" fail="10" skip="0">All Tests</stat>
</total>
<tag>
<stat info="combined" combined="NOT robot:exit" pass="0" fail="1" skip="0">NOT robot:exit</stat>
</tag>
<suite>
<stat name="TestCases" id="s1" pass="0" fail="10" skip="0">TestCases</stat>
<stat name="Android" id="s1-s1" pass="0" fail="5" skip="0">TestCases.Android</stat>
<stat name="Login" id="s1-s1-s1" pass="0" fail="5" skip="0">TestCases.Android.Login</stat>
<stat name="AndroidTestCases" id="s1-s1-s1-s1" pass="0" fail="5" skip="0">TestCases.Android.Login.AndroidTestCases</stat>
<stat name="Test Android Login" id="s1-s1-s1-s1-s1" pass="0" fail="5" skip="0">TestCases.Android.Login.AndroidTestCases.Test Android Login</stat>
<stat name="iOS" id="s1-s2" pass="0" fail="5" skip="0">TestCases.iOS</stat>
<stat name="Shopping" id="s1-s2-s1" pass="0" fail="5" skip="0">TestCases.iOS.Shopping</stat>
<stat name="iOSTestCases" id="s1-s2-s1-s1" pass="0" fail="5" skip="0">TestCases.iOS.Shopping.iOSTestCases</stat>
<stat name="Test Ios Shopping" id="s1-s2-s1-s1-s1" pass="0" fail="5" skip="0">TestCases.iOS.Shopping.iOSTestCases.Test Ios Shopping</stat>
</suite>
</statistics>
<errors>
<msg time="2025-09-07T19:35:40.949136" level="WARN">Keyword 'Capture Page Screenshot' could not be run on failure: Execution terminated by signal</msg>
<msg time="2025-09-07T19:35:40.955797" level="WARN">Keyword 'Capture Page Screenshot' could not be run on failure: No application is open</msg>
</errors>
</robot>
